95, 0
96, 0
97, 0
98, 0
99, 0
100, 0
101, 0
102, 0
103, 0
104, 0
105, 0
106, 0
107, 0
108, 0
109, 0
110, 0
111, 0
112, 0
113, 0
114, 0
115, 0
116, 0
117, 0
118, 0
119, 0
120, 0
121, 0
122, 0
123, 0
124, 0
125, 0
126, 0
127, 0
128, 0
129, 0
130, 0
131, 0
132, 0
133, 0
134, 0
135, 0
136, 0
137, 0
138, 0
139, 0
140, 0
141, 0
142, 0
143, 0
144, 0
145, 0
146, 0
147, 0
148, 0
149, 0
150, 0
151, 0
152, 0
153, 0
154, 0
155, 0
156, 0
157, 0
158, 0
159, 0
160, 0
161, 0
162, 0
163, 0
164, 0
165, 0
166, 0
167, 0
168, 0
169, 0
170, 0
171, 0
172, 0
173, 0
174, 0
175, 0
176, 0
177, 0
178, 0
179, 0
180, 0
181, 0
182, 0
183, 0
184, 0
185, 0
186, 0
187, 0
188, 0
189, 0
190, 0
191, 0
192, 0
193, 0
194, 0
195, 0
196, 0
197, 0
198, 0
199, 0
200, 38.9418
201, 38.9418
202, 38.9418
203, 38.9418
204, 38.9418
205, 38.9418
206, 38.9418
207, 38.9418
208, 38.9418
209, 38.9418
210, 38.9418
211, 38.9418
212, 38.9418
213, 38.9418
214, 38.9418
215, 38.9418
216, 38.9418
217, 38.9418
218, 38.9418
219, 38.9418
220, 38.9418
221, 38.9418
222, 38.9418
223, 38.9418
224, 38.9418
225, 38.9418
226, 38.9418
227, 38.9418
228, 38.9418
229, 38.9418
230, 38.9418
231, 38.9418
232, 38.9418
233, 38.9418
234, 38.9418
235, 38.9418
236, 38.9418
237, 38.9418
238, 38.9418
239, 38.9418
240, 38.9418
241, 38.9418
242, 38.9418
243, 38.9418
244, 38.9418
245, 38.9418
246, 38.9418
247, 38.9418
248, 38.9418
249, 38.9418
250, 38.9418
251, 38.9418
252, 38.9418
253, 38.9418
254, 38.9418
255, 38.9418
256, 38.9418
257, 38.9418
258, 38.9418
259, 38.9418
260, 38.9418
261, 38.9418
262, 38.9418
263, 38.9418
264, 38.9418
265, 38.9418
266, 38.9418
267, 38.9418
268, 38.9418
269, 38.9418
270, 38.9418
271, 38.9418
272, 38.9418
273, 38.9418
274, 38.9418
275, 38.9418
276, 38.9418
277, 38.9418
278, 38.9418
279, 38.9418
280, 38.9418
281, 38.9418
282, 38.9418
283, 38.9418
284, 38.9418
285, 38.9418
286, 38.9418
287, 38.9418
288, 38.9418
289, 38.9418
290, 38.9418
291, 38.9418
292, 38.9418
293, 38.9418
294, 38.9418
295, 38.9418
296, 38.9418
297, 38.9418
298, 38.9418
299, 38.9418
300, 71.7356
301, 71.7356
302, 71.7356
303, 71.7356
304, 71.7356
305, 71.7356
306, 71.7356
307, 71.7356
308, 71.7356
309, 71.7356
310, 71.7356
311, 71.7356
312, 71.7356
313, 71.7356
314, 71.7356
315, 71.7356
316, 71.7356
317, 71.7356
318, 71.7356
319, 71.7356
320, 71.7356
321, 71.7356
322, 71.7356
323, 71.7356
324, 71.7356
325, 71.7356
326, 71.7356
327, 71.7356
328, 71.7356
329, 71.7356
330, 71.7356
331, 71.7356
332, 71.7356
333, 71.7356
334, 71.7356
335, 71.7356
336, 71.7356
337, 71.7356
338, 71.7356
339, 71.7356
340, 71.7356
341, 71.7356
342, 71.7356
343, 71.7356
344, 71.7356
345, 71.7356
346, 71.7356
347, 71.7356
348, 71.7356
349, 71.7356
350, 71.7356
351, 71.7356
352, 71.7356
353, 71.7356
354, 71.7356
355, 71.7356
356, 71.7356
357, 71.7356
358, 71.7356
359, 71.7356
360, 71.7356
361, 71.7356
362, 71.7356
363, 71.7356
364, 71.7356
365, 71.7356
366, 71.7356
367, 71.7356
368, 71.7356
369, 71.7356
370, 71.7356
371, 71.7356
372, 71.7356
373, 71.7356
374, 71.7356
375, 71.7356
376, 71.7356
377, 71.7356
378, 71.7356
379, 71.7356
380, 71.7356
381, 71.7356
382, 71.7356
383, 71.7356
384, 71.7356
385, 71.7356
386, 71.7356
387, 71.7356
388, 71.7356
389, 71.7356
390, 71.7356
391, 71.7356
392, 71.7356
393, 71.7356
394, 71.7356
395, 71.7356
396, 71.7356
397, 71.7356
398, 71.7356
399, 71.7356
400, 93.2039
401, 93.2039
402, 93.2039
403, 93.2039
404, 93.2039
405, 93.2039
406, 93.2039
407, 93.2039
408, 93.2039
409, 93.2039
410, 93.2039
411, 93.2039
412, 93.2039
413, 93.2039
414, 93.2039
415, 93.2039
416, 93.2039
417, 93.2039
418, 93.2039
419, 93.2039
420, 93.2039
421, 93.2039
422, 93.2039
423, 93.2039
424, 93.2039
425, 93.2039
426, 93.2039
427, 93.2039
428, 93.2039
429, 93.2039
430, 93.2039
431, 93.2039
432, 93.2039
433, 93.2039
434, 93.2039
435, 93.2039
436, 93.2039
437, 93.2039
438, 93.2039
439, 93.2039
440, 93.2039
441, 93.2039
442, 93.2039
443, 93.2039
444, 93.2039
445, 93.2039
446, 93.2039
447, 93.2039
448, 93.2039
449, 93.2039
450, 93.2039
451, 93.2039
452, 93.2039
453, 93.2039
454, 93.2039
455, 93.2039
456, 93.2039
457, 93.2039
458, 93.2039
459, 93.2039
460, 93.2039
461, 93.2039
462, 93.2039
463, 93.2039
464, 93.2039
465, 93.2039
466, 93.2039
467, 93.2039
468, 93.2039
469, 93.2039
470, 93.2039
471, 93.2039
472, 93.2039
473, 93.2039
474, 93.2039
475, 93.2039
476, 93.2039
477, 93.2039
478, 93.2039
479, 93.2039
480, 93.2039
481, 93.2039
482, 93.2039
483, 93.2039
484, 93.2039
485, 93.2039
486, 93.2039
487, 93.2039
488, 93.2039
489, 93.2039
490, 93.2039
491, 93.2039
492, 93.2039
493, 93.2039
494, 93.2039
495, 93.2039
496, 93.2039
497, 93.2039
498, 93.2039
499, 93.2039
500, 99.9574
501, 99.9574
502, 99.9574
503, 99.9574
504, 99.9574
505, 99.9574
506, 99.9574
507, 99.9574
508, 99.9574
509, 99.9574
510, 99.9574
511, 99.9574
512, 99.9574
513, 99.9574
514, 99.9574
515, 99.9574
516, 99.9574
517, 99.9574
518, 99.9574
519, 99.9574
520, 99.9574
521, 99.9574
522, 99.9574
523, 99.9574
524, 99.9574
525, 99.9574
526, 99.9574
527, 99.9574
528, 99.9574
529, 99.9574
530, 99.9574
531, 99.9574
532, 99.9574
533, 99.9574
534, 99.9574
535, 99.9574
536, 99.9574
537, 99.9574
538, 99.9574
539, 99.9574
540, 99.9574
541, 99.9574
542, 99.9574
543, 99.9574
544, 99.9574
545, 99.9574
546, 99.9574
547, 99.9574
548, 99.9574
549, 99.9574
550, 99.9574
551, 99.9574
552, 99.9574
553, 99.9574
554, 99.9574
555, 99.9574
556, 99.9574
557, 99.9574
558, 99.9574
559, 99.9574
560, 99.9574
561, 99.9574
562, 99.9574
563, 99.9574
564, 99.9574
565, 99.9574
566, 99.9574
567, 99.9574
568, 99.9574
569, 99.9574
570, 99.9574
571, 99.9574
572, 99.9574
573, 99.9574
574, 99.9574
575, 99.9574
576, 99.9574
577, 99.9574
578, 99.9574
579, 99.9574
580, 99.9574
581, 99.9574
582, 99.9574
583, 99.9574
584, 99.9574
585, 99.9574
586, 99.9574
587, 99.9574
588, 99.9574
589, 99.9574
590, 99.9574
591, 99.9574
592, 99.9574
593, 99.9574
594, 99.9574
595, 99.9574
596, 99.9574
597, 99.9574
598, 99.9574
599, 99.9574
600, 90.9297
601, 90.9297
602, 90.9297
603, 90.9297
604, 90.9297
605, 90.9297
606, 90.9297
607, 90.9297
608, 90.9297
609, 90.9297
610, 90.9297
611, 90.9297
612, 90.9297
613, 90.9297
614, 90.9297
615, 90.9297
616, 90.9297
617, 90.9297
618, 90.9297
619, 90.9297
620, 90.9297
621, 90.9297
622, 90.9297
623, 90.9297
624, 90.9297
625, 90.9297
626, 90.9297
627, 90.9297
628, 90.9297
629, 90.9297
630, 90.9297
631, 90.9297
632, 90.9297
633, 90.9297
634, 90.9297
635, 90.9297
636, 90.9297
637, 90.9297
638, 90.9297
639, 90.9297
640, 90.9297
641, 90.9297
642, 90.9297
643, 90.9297
644, 90.9297
645, 90.9297
646, 90.9297
647, 90.9297
648, 90.9297
649, 90.9297
650, 90.9297
651, 90.9297
652, 90.9297
653, 90.9297
654, 90.9297
655, 90.9297
656, 90.9297
657, 90.9297
658, 90.9297
659, 90.9297
660, 90.9297
661, 90.9297
662, 90.9297
663, 90.9297
664, 90.9297
665, 90.9297
666, 90.9297
667, 90.9297
668, 90.9297
669, 90.9297
670, 90.9297
671, 90.9297
672, 90.9297
673, 90.9297
674, 90.9297
675, 90.9297
676, 90.9297
677, 90.9297
678, 90.9297
679, 90.9297
680, 90.9297
681, 90.9297
682, 90.9297
683, 90.9297
684, 90.9297
685, 90.9297
686, 90.9297
687, 90.9297
688, 90.9297
689, 90.9297
690, 90.9297
691, 90.9297
692, 90.9297
693, 90.9297
694, 90.9297
695, 90.9297
696, 90.9297
697, 90.9297
698, 90.9297
699, 90.9297
700, 67.5463
701, 67.5463
702, 67.5463
703, 67.5463
704, 67.5463
705, 67.5463
706, 67.5463
707, 67.5463
708, 67.5463
709, 67.5463
710, 67.5463
711, 67.5463
712, 67.5463
713, 67.5463
714, 67.5463
715, 67.5463
716, 67.5463
717, 67.5463
718, 67.5463
719, 67.5463
720, 67.5463
721, 67.5463
722, 67.5463
723, 67.5463
724, 67.5463
725, 67.5463
726, 67.5463
727, 67.5463
728, 67.5463
729, 67.5463
730, 67.5463
731, 67.5463
732, 67.5463
733, 67.5463
734, 67.5463
735, 67.5463
736, 67.5463
737, 67.5463
738, 67.5463
739, 67.5463
740, 67.5463
741, 67.5463
742, 67.5463
743, 67.5463
744, 67.5463
745, 67.5463
746, 67.5463
747, 67.5463
748, 67.5463
749, 67.5463
750, 67.5463
751, 67.5463
752, 67.5463
753, 67.5463
754, 67.5463
755, 67.5463
756, 67.5463
757, 67.5463
758, 67.5463
759, 67.5463
760, 67.5463
761, 67.5463
762, 67.5463
763, 67.5463
764, 67.5463
765, 67.5463
766, 67.5463
767, 67.5463
768, 67.5463
769, 67.5463
770, 67.5463
771, 67.5463
772, 67.5463
773, 67.5463
774, 67.5463
775, 67.5463
776, 67.5463
777, 67.5463
778, 67.5463
779, 67.5463
780, 67.5463
781, 67.5463
782, 67.5463
783, 67.5463
784, 67.5463
785, 67.5463
786, 67.5463
787, 67.5463
788, 67.5463
789, 67.5463
790, 67.5463
791, 67.5463
792, 67.5463
793, 67.5463
794, 67.5463
795, 67.5463
796, 67.5463
797, 67.5463
798, 67.5463
799, 67.5463
800, 33.4988
801, 33.4988
802, 33.4988
803, 33.4988
804, 33.4988
805, 33.4988
806, 33.4988
807, 33.4988
808, 33.4988
809, 33.4988
810, 33.4988
811, 33.4988
812, 33.4988
813, 33.4988
814, 33.4988
815, 33.4988
816, 33.4988
817, 33.4988
818, 33.4988
819, 33.4988
820, 33.4988
821, 33.4988
822, 33.4988
823, 33.4988
824, 33.4988
825, 33.4988
826, 33.4988
827, 33.4988
828, 33.4988
829, 33.4988
830, 33.4988
831, 33.4988
832, 33.4988
833, 33.4988
834, 33.4988
835, 33.4988
836, 33.4988
837, 33.4988
838, 33.4988
839, 33.4988
840, 33.4988
841, 33.4988
842, 33.4988
843, 33.4988
844, 33.4988
845, 33.4988
846, 33.4988
847, 33.4988
848, 33.4988
849, 33.4988
850, 33.4988
851, 33.4988
852, 33.4988
853, 33.4988
854, 33.4988
855, 33.4988
856, 33.4988
857, 33.4988
858, 33.4988
859, 33.4988
860, 33.4988
861, 33.4988
862, 33.4988
863, 33.4988
864, 33.4988
865, 33.4988
866, 33.4988
867, 33.4988
868, 33.4988
869, 33.4988
870, 33.4988
871, 33.4988
872, 33.4988
873, 33.4988
874, 33.4988
875, 33.4988
876, 33.4988
877, 33.4988
878, 33.4988
879, 33.4988
880, 33.4988
881, 33.4988
882, 33.4988
883, 33.4988
884, 33.4988
885, 33.4988
886, 33.4988
887, 33.4988
888, 33.4988
889, 33.4988
890, 33.4988
891, 33.4988
892, 33.4988
893, 33.4988
894, 33.4988
895, 33.4988
896, 33.4988
897, 33.4988
898, 33.4988
899, 33.4988
900, -5.83741
901, -5.83741
902, -5.83741
903, -5.83741
904, -5.83741
905, -5.83741
906, -5.83741
907, -5.83741
908, -5.83741
909, -5.83741
910, -5.83741
911, -5.83741
912, -5.83741
913, -5.83741
914, -5.83741
915, -5.83741
916, -5.83741
917, -5.83741
918, -5.83741
919, -5.83741
920, -5.83741
921, -5.83741
922, -5.83741
923, -5.83741
924, -5.83741
925, -5.83741
926, -5.83741
927, -5.83741
928, -5.83741
929, -5.83741
930, -5.83741
931, -5.83741
932, -5.83741
933, -5.83741
934, -5.83741
935, -5.83741
936, -5.83741
937, -5.83741
938, -5.83741
939, -5.83741
940, -5.83741
941, -5.83741
942, -5.83741
943, -5.83741
944, -5.83741
945, -5.83741
946, -5.83741
947, -5.83741
948, -5.83741
949, -5.83741
950, -5.83741
951, -5.83741
952, -5.83741
953, -5.83741
954, -5.83741
955, -5.83741
956, -5.83741
957, -5.83741
958, -5.83741
959, -5.83741
960, -5.83741
961, -5.83741
962, -5.83741
963, -5.83741
964, -5.83741
965, -5.83741
966, -5.83741
967, -5.83741
968, -5.83741
969, -5.83741
970, -5.83741
971, -5.83741
972, -5.83741
973, -5.83741
974, -5.83741
975, -5.83741
976, -5.83741
977, -5.83741
978, -5.83741
979, -5.83741
980, -5.83741
981, -5.83741
982, -5.83741
983, -5.83741
984, -5.83741
985, -5.83741
986, -5.83741
987, -5.83741
988, -5.83741
989, -5.83741
990, -5.83741
991, -5.83741
992, -5.83741
993, -5.83741
994, -5.83741
995, -5.83741
996, -5.83741
997, -5.83741
998, -5.83741
999, -5.83741
1000, -44.252
1001, -44.252
1002, -44.252
1003, -44.252
1004, -44.252
1005, -44.252
1006, -44.252
1007, -44.252
1008, -44.252
1009, -44.252
1010, -44.252
1011, -44.252
1012, -44.252
1013, -44.252
1014, -44.252
1015, -44.252
1016, -44.252
1017, -44.252
1018, -44.252
1019, -44.252
1020, -44.252
1021, -44.252
1022, -44.252
1023, -44.252
1024, -44.252
1025, -44.252
1026, -44.252
1027, -44.252
1028, -44.252
1029, -44.252
1030, -44.252
1031, -44.252
1032, -44.252
1033, -44.252
1034, -44.252
1035, -44.252
1036, -44.252
1037, -44.252
1038, -44.252
1039, -44.252
1040, -44.252
1041, -44.252
1042, -44.252
1043, -44.252
1044, -44.252
1045, -44.252
1046, -44.252
1047, -44.252
1048, -44.252
1049, -44.252
1050, -44.252
1051, -44.252
1052, -44.252
1053, -44.252
1054, -44.252
1055, -44.252
1056, -44.252
1057, -44.252
1058, -44.252
1059, -44.252
1060, -44.252
1061, -44.252
1062, -44.252
1063, -44.252
1064, -44.252
1065, -44.252
1066, -44.252
1067, -44.252
1068, -44.252
1069, -44.252
1070, -44.252
1071, -44.252
1072, -44.252
1073, -44.252
1074, -44.252
1075, -44.252
1076, -44.252
1077, -44.252
1078, -44.252
1079, -44.252
1080, -44.252
1081, -44.252
1082, -44.252
1083, -44.252
1084, -44.252
1085, -44.252
1086, -44.252
1087, -44.252
1088, -44.252
1089, -44.252
1090, -44.252
1091, -44.252
1092, -44.252
1093, -44.252
1094, -44.252
1095, -44.252
1096, -44.252
1097, -44.252
1098, -44.252
1099, -44.252
1100, -75.6803
1101, -75.6803
1102, -75.6803
1103, -75.6803
1104, -75.6803
1105, -75.6803
1106, -75.6803
1107, -75.6803
1108, -75.6803
1109, -75.6803
1110, -75.6803
1111, -75.6803
1112, -75.6803
1113, -75.6803
1114, -75.6803
1115, -75.6803
1116, -75.6803
1117, -75.6803
1118, -75.6803
1119, -75.6803
1120, -75.6803
1121, -75.6803
1122, -75.6803
1123, -75.6803
1124, -75.6803
1125, -75.6803
1126, -75.6803
1127, -75.6803
1128, -75.6803
1129, -75.6803
1130, -75.6803
1131, -75.6803
1132, -75.6803
1133, -75.6803
1134, -75.6803
1135, -75.6803
1136, -75.6803
1137, -75.6803
1138, -75.6803
1139, -75.6803
1140, -75.6803
1141, -75.6803
1142, -75.6803
1143, -75.6803
1144, -75.6803
1145, -75.6803
1146, -75.6803
1147, -75.6803
1148, -75.6803
1149, -75.6803
1150, -75.6803
1151, -75.6803
1152, -75.6803
1153, -75.6803
1154, -75.6803
1155, -75.6803
1156, -75.6803
1157, -75.6803
1158, -75.6803
1159, -75.6803
1160, -75.6803
1161, -75.6803
1162, -75.6803
1163, -75.6803
1164, -75.6803
1165, -75.6803
1166, -75.6803
1167, -75.6803
1168, -75.6803
1169, -75.6803
1170, -75.6803
1171, -75.6803
1172, -75.6803
1173, -75.6803
1174, -75.6803
1175, -75.6803
1176, -75.6803
1177, -75.6803
1178, -75.6803
1179, -75.6803
1180, -75.6803
1181, -75.6803
1182, -75.6803
1183, -75.6803
1184, -75.6803
1185, -75.6803
1186, -75.6803
1187, -75.6803
1188, -75.6803
1189, -75.6803
1190, -75.6803
1191, -75.6803
1192, -75.6803
1193, -75.6803
1194, -75.6803
1195, -75.6803
1196, -75.6803
1197, -75.6803
1198, -75.6803
1199, -75.6803
1200, -95.1602
1201, -95.1602
1202, -95.1602
1203, -95.1602
1204, -95.1602
1205, -95.1602
1206, -95.1602
1207, -95.1602
1208, -95.1602
1209, -95.1602
1210, -95.1602
1211, -95.1602
1212, -95.1602
1213, -95.1602
1214, -95.1602
1215, -95.1602
1216, -95.1602
1217, -95.1602
1218, -95.1602
1219, -95.1602
1220, -95.1602
1221, -95.1602
1222, -95.1602
1223, -95.1602
1224, -95.1602
1225, -95.1602
1226, -95.1602
1227, -95.1602
1228, -95.1602
1229, -95.1602
1230, -95.1602
1231, -95.1602
1232, -95.1602
1233, -95.1602
1234, -95.1602
1235, -95.1602
1236, -95.1602
1237, -95.1602
1238, -95.1602
1239, -95.1602
1240, -95.1602
1241, -95.1602
1242, -95.1602
1243, -95.1602
1244, -95.1602
1245, -95.1602
1246, -95.1602
1247, -95.1602
1248, -95.1602
1249, -95.1602
1250, -95.1602
1251, -95.1602
1252, -95.1602
1253, -95.1602
1254, -95.1602
1255, -95.1602
1256, -95.1602
1257, -95.1602
1258, -95.1602
1259, -95.1602
1260, -95.1602
1261, -95.1602
1262, -95.1602
1263, -95.1602
1264, -95.1602
1265, -95.1602
1266, -95.1602
1267, -95.1602
1268, -95.1602
1269, -95.1602
1270, -95.1602
1271, -95.1602
1272, -95.1602
1273, -95.1602
1274, -95.1602
1275, -95.1602
1276, -95.1602
1277, -95.1602
1278, -95.1602
1279, -95.1602
1280, -95.1602
1281, -95.1602
1282, -95.1602
1283, -95.1602
1284, -95.1602
1285, -95.1602
1286, -95.1602
1287, -95.1602
1288, -95.1602
1289, -95.1602
1290, -95.1602
1291, -95.1602
1292, -95.1602
1293, -95.1602
1294, -95.1602
1295, -95.1602
1296, -95.1602
1297, -95.1602
1298, -95.1602
1299, -95.1602
1300, -99.6165
1301, -99.6165
1302, -99.6165
1303, -99.6165
1304, -99.6165
1305, -99.6165
1306, -99.6165
1307, -99.6165
1308, -99.6165
1309, -99.6165
1310, -99.6165
1311, -99.6165
1312, -99.6165
1313, -99.6165
1314, -99.6165
1315, -99.6165
1316, -99.6165
1317, -99.6165
1318, -99.6165
1319, -99.6165
1320, -99.6165
1321, -99.6165
1322, -99.6165
1323, -99.6165
1324, -99.6165
1325, -99.6165
1326, -99.6165
1327, -99.6165
1328, -99.6165
1329, -99.6165
1330, -99.6165
1331, -99.6165
1332, -99.6165
1333, -99.6165
1334, -99.6165
1335, -99.6165
1336, -99.6165
1337, -99.6165
1338, -99.6165
1339, -99.6165
1340, -99.6165
1341, -99.6165
1342, -99.6165
1343, -99.6165
1344, -99.6165
1345, -99.6165
1346, -99.6165
1347, -99.6165
1348, -99.6165
1349, -99.6165
1350, -99.6165
1351, -99.6165
1352, -99.6165
1353, -99.6165
1354, -99.6165
1355, -99.6165
1356, -99.6165
1357, -99.6165
1358, -99.6165
1359, -99.6165
1360, -99.6165
1361, -99.6165
1362, -99.6165
1363, -99.6165
1364, -99.6165
1365, -99.6165
1366, -99.6165
1367, -99.6165
1368, -99.6165
1369, -99.6165
1370, -99.6165
1371, -99.6165
1372, -99.6165
1373, -99.6165
1374, -99.6165
1375, -99.6165
1376, -99.6165
1377, -99.6165
1378, -99.6165
1379, -99.6165
1380, -99.6165
1381, -99.6165
1382, -99.6165
1383, -99.6165
1384, -99.6165
1385, -99.6165
1386, -99.6165
1387, -99.6165
1388, -99.6165
1389, -99.6165
1390, -99.6165
1391, -99.6165
1392, -99.6165
1393, -99.6165
1394, -99.6165
1395, -99.6165
1396, -99.6165
1397, -99.6165
1398, -99.6165
1399, -99.6165
1400, -88.3455
1401, -88.3455
1402, -88.3455
1403, -88.3455
1404, -88.3455
1405, -88.3455
1406, -88.3455
1407, -88.3455
1408, -88.3455
1409, -88.3455
1410, -88.3455
1411, -88.3455
1412, -88.3455
1413, -88.3455
1414, -88.3455
1415, -88.3455
1416, -88.3455
1417, -88.3455
1418, -88.3455
1419, -88.3455
1420, -88.3455
1421, -88.3455
1422, -88.3455
1423, -88.3455
1424, -88.3455
1425, -88.3455
1426, -88.3455
1427, -88.3455
1428, -88.3455
1429, -88.3455
1430, -88.3455
1431, -88.3455
1432, -88.3455
1433, -88.3455
1434, -88.3455
1435, -88.3455
1436, -88.3455
1437, -88.3455
1438, -88.3455
1439, -88.3455
1440, -88.3455
1441, -88.3455
1442, -88.3455
1443, -88.3455
1444, -88.3455
1445, -88.3455
1446, -88.3455
1447, -88.3455
1448, -88.3455
1449, -88.3455
1450, -88.3455
1451, -88.3455
1452, -88.3455
1453, -88.3455
1454, -88.3455
1455, -88.3455
1456, -88.3455
1457, -88.3455
1458, -88.3455
1459, -88.3455
1460, -88.3455
1461, -88.3455
1462, -88.3455
1463, -88.3455
1464, -88.3455
1465, -88.3455
1466, -88.3455
1467, -88.3455
1468, -88.3455
1469, -88.3455
1470, -88.3455
1471, -88.3455
1472, -88.3455
1473, -88.3455
1474, -88.3455
1475, -88.3455
1476, -88.3455
1477, -88.3455
1478, -88.3455
1479, -88.3455
1480, -88.3455
1481, -88.3455
1482, -88.3455
1483, -88.3455
1484, -88.3455
1485, -88.3455
1486, -88.3455
1487, -88.3455
1488, -88.3455
1489, -88.3455
1490, -88.3455
1491, -88.3455
1492, -88.3455
1493, -88.3455
1494, -88.3455
1495, -88.3455
1496, -88.3455
1497, -88.3455
1498, -88.3455
1499, -88.3455
1500, -63.1267
1501, -63.1267
1502, -63.1267
1503, -63.1267
1504, -63.1267
1505, -63.1267
1506, -63.1267
1507, -63.1267
1508, -63.1267
1509, -63.1267
1510, -63.1267
1511, -63.1267
1512, -63.1267
1513, -63.1267
1514, -63.1267
1515, -63.1267
1516, -63.1267
1517, -63.1267
1518, -63.1267
1519, -63.1267
1520, -63.1267
1521, -63.1267
1522, -63.1267
1523, -63.1267
1524, -63.1267
1525, -63.1267
1526, -63.1267
1527, -63.1267
1528, -63.1267
1529, -63.1267
1530, -63.1267
1531, -63.1267
1532, -63.1267
1533, -63.1267
1534, -63.1267
1535, -63.1267
1536, -63.1267
1537, -63.1267
1538, -63.1267
1539, -63.1267
1540, -63.1267
1541, -63.1267
1542, -63.1267
1543, -63.1267
1544, -63.1267
1545, -63.1267
1546, -63.1267
1547, -63.1267
1548, -63.1267
1549, -63.1267
1550, -63.1267
1551, -63.1267
1552, -63.1267
1553, -63.1267
1554, -63.1267
1555, -63.1267
1556, -63.1267
1557, -63.1267
1558, -63.1267
1559, -63.1267
1560, -63.1267
1561, -63.1267
1562, -63.1267
1563, -63.1267
1564, -63.1267
1565, -63.1267
1566, -63.1267
1567, -63.1267
1568, -63.1267
1569, -63.1267
1570, -63.1267
1571, -63.1267
1572, -63.1267
1573, -63.1267
1574, -63.1267
1575, -63.1267
1576, -63.1267
1577, -63.1267
1578, -63.1267
1579, -63.1267
1580, -63.1267
1581, -63.1267
1582, -63.1267
1583, -63.1267
1584, -63.1267
1585, -63.1267
1586, -63.1267
1587, -63.1267
1588, -63.1267
1589, -63.1267
1590, -63.1267
1591, -63.1267
1592, -63.1267
1593, -63.1267
1594, -63.1267
1595, -63.1267
1596, -63.1267
1597, -63.1267
1598, -63.1267
1599, -63.1267
1600, -27.9415
1601, -27.9415
1602, -27.9415
1603, -27.9415
1604, -27.9415
1605, -27.9415
1606, -27.9415
1607, -27.9415
1608, -27.9415
1609, -27.9415
1610, -27.9415
1611, -27.9415
1612, -27.9415
1613, -27.9415
1614, -27.9415
1615, -27.9415
1616, -27.9415
1617, -27.9415
1618, -27.9415
1619, -27.9415
1620, -27.9415
1621, -27.9415
1622, -27.9415
1623, -27.9415
1624, -27.9415
1625, -27.9415
1626, -27.9415
1627, -27.9415
1628, -27.9415
1629, -27.9415
1630, -27.9415
1631, -27.9415
1632, -27.9415
1633, -27.9415
1634, -27.9415
1635, -27.9415
1636, -27.9415
1637, -27.9415
1638, -27.9415
1639, -27.9415
1640, -27.9415
1641, -27.9415
1642, -27.9415
1643, -27.9415
1644, -27.9415
1645, -27.9415
1646, -27.9415
1647, -27.9415
1648, -27.9415
1649, -27.9415
1650, -27.9415
1651, -27.9415
1652, -27.9415
1653, -27.9415
1654, -27.9415
1655, -27.9415
1656, -27.9415
1657, -27.9415
1658, -27.9415
1659, -27.9415
1660, -27.9415
1661, -27.9415
1662, -27.9415
1663, -27.9415
1664, -27.9415
1665, -27.9415
1666, -27.9415
1667, -27.9415
1668, -27.9415
1669, -27.9415
1670, -27.9415
1671, -27.9415
1672, -27.9415
1673, -27.9415
1674, -27.9415
1675, -27.9415
1676, -27.9415
1677, -27.9415
1678, -27.9415
1679, -27.9415
1680, -27.9415
1681, -27.9415
1682, -27.9415
1683, -27.9415
1684, -27.9415
1685, -27.9415
1686, -27.9415
1687, -27.9415
1688, -27.9415
1689, -27.9415
1690, -27.9415
1691, -27.9415
1692, -27.9415
1693, -27.9415
1694, -27.9415
1695, -27.9415
1696, -27.9415
1697, -27.9415
1698, -27.9415
1699, -27.9415
1700, 11.6549
1701, 11.6549
1702, 11.6549
1703, 11.6549
1704, 11.6549
1705, 11.6549
1706, 11.6549
1707, 11.6549
1708, 11.6549
1709, 11.6549
1710, 11.6549
1711, 11.6549
1712, 11.6549
1713, 11.6549
1714, 11.6549
1715, 11.6549
1716, 11.6549
1717, 11.6549
1718, 11.6549
1719, 11.6549
1720, 11.6549
1721, 11.6549
1722, 11.6549
1723, 11.6549
1724, 11.6549
1725, 11.6549
1726, 11.6549
1727, 11.6549
1728, 11.6549
1729, 11.6549
1730, 11.6549
1731, 11.6549
1732, 11.6549
1733, 11.6549
1734, 11.6549
1735, 11.6549
1736, 11.6549
1737, 11.6549
1738, 11.6549
1739, 11.6549
1740, 11.6549
1741, 11.6549
1742, 11.6549
1743, 11.6549
1744, 11.6549
1745, 11.6549
1746, 11.6549
1747, 11.6549
1748, 11.6549
1749, 11.6549
1750, 11.6549
1751, 11.6549
1752, 11.6549
1753, 11.6549
1754, 11.6549
1755, 11.6549
1756, 11.6549
1757, 11.6549
1758, 11.6549
1759, 11.6549
1760, 11.6549
1761, 11.6549
1762, 11.6549
1763, 11.6549
1764, 11.6549
1765, 11.6549
1766, 11.6549
1767, 11.6549
1768, 11.6549
1769, 11.6549
1770, 11.6549
1771, 11.6549
1772, 11.6549
1773, 11.6549
1774, 11.6549
1775, 11.6549
1776, 11.6549
1777, 11.6549
1778, 11.6549
1779, 11.6549
1780, 11.6549
1781, 11.6549
1782, 11.6549
1783, 11.6549
1784, 11.6549
1785, 11.6549
1786, 11.6549
1787, 11.6549
1788, 11.6549
1789, 11.6549
1790, 11.6549
1791, 11.6549
1792, 11.6549
1793, 11.6549
1794, 11.6549
1795, 11.6549
1796, 11.6549
1797, 11.6549
1798, 11.6549
1799, 11.6549
1800, 49.4113
1801, 49.4113
1802, 49.4113
1803, 49.4113
1804, 49.4113
1805, 49.4113
1806, 49.4113
1807, 49.4113
1808, 49.4113
1809, 49.4113
1810, 49.4113
1811, 49.4113
1812, 49.4113
1813, 49.4113
1814, 49.4113
1815, 49.4113
1816, 49.4113
1817, 49.4113
1818, 49.4113
1819, 49.4113
1820, 49.4113
1821, 49.4113
1822, 49.4113
1823, 49.4113
1824, 49.4113
1825, 49.4113
1826, 49.4113
1827, 49.4113
1828, 49.4113
1829, 49.4113
1830, 49.4113
1831, 49.4113
1832, 49.4113
1833, 49.4113
1834, 49.4113
1835, 49.4113
1836, 49.4113
1837, 49.4113
1838, 49.4113
1839, 49.4113
1840, 49.4113
1841, 49.4113
1842, 49.4113
1843, 49.4113
1844, 49.4113
1845, 49.4113
1846, 49.4113
1847, 49.4113
1848, 49.4113
1849, 49.4113
1850, 49.4113
1851, 49.4113
1852, 49.4113
1853, 49.4113
1854, 49.4113
1855, 49.4113
1856, 49.4113
1857, 49.4113
1858, 49.4113
1859, 49.4113
1860, 49.4113
1861, 49.4113
1862, 49.4113
1863, 49.4113
1864, 49.4113
1865, 49.4113
1866, 49.4113
1867, 49.4113
1868, 49.4113
1869, 49.4113
1870, 49.4113
1871, 49.4113
1872, 49.4113
1873, 49.4113
1874, 49.4113
1875, 49.4113
1876, 49.4113
1877, 49.4113
1878, 49.4113
1879, 49.4113
1880, 49.4113
1881, 49.4113
1882, 49.4113
1883, 49.4113
1884, 49.4113
1885, 49.4113
1886, 49.4113
1887, 49.4113
1888, 49.4113
1889, 49.4113
1890, 49.4113
1891, 49.4113
1892, 49.4113
1893, 49.4113
1894, 49.4113
1895, 49.4113
1896, 49.4113
1897, 49.4113
1898, 49.4113
1899, 49.4113
1900, 79.3668
1901, 79.3668
1902, 79.3668
1903, 79.3668
1904, 79.3668
1905, 79.3668
1906, 79.3668
1907, 79.3668
1908, 79.3668
1909, 79.3668
1910, 79.3668
1911, 79.3668
1912, 79.3668
1913, 79.3668
1914, 79.3668
1915, 79.3668
1916, 79.3668
1917, 79.3668
1918, 79.3668
1919, 79.3668
1920, 79.3668
1921, 79.3668
1922, 79.3668
1923, 79.3668
1924, 79.3668
1925, 79.3668
1926, 79.3668
1927, 79.3668
1928, 79.3668
1929, 79.3668
1930, 79.3668
1931, 79.3668
1932, 79.3668
1933, 79.3668
1934, 79.3668
1935, 79.3668
1936, 79.3668
1937, 79.3668
1938, 79.3668
1939, 79.3668
1940, 79.3668
1941, 79.3668
1942, 79.3668
1943, 79.3668
1944, 79.3668
1945, 79.3668
1946, 79.3668
1947, 79.3668
1948, 79.3668
1949, 79.3668
1950, 79.3668
1951, 79.3668
1952, 79.3668
1953, 79.3668
1954, 79.3668
1955, 79.3668
1956, 79.3668
1957, 79.3668
1958, 79.3668
1959, 79.3668
1960, 79.3668
1961, 79.3668
1962, 79.3668
1963, 79.3668
1964, 79.3668
1965, 79.3668
1966, 79.3668
1967, 79.3668
1968, 79.3668
1969, 79.3668
1970, 79.3668
1971, 79.3668
1972, 79.3668
1973, 79.3668
1974, 79.3668
1975, 79.3668
1976, 79.3668
1977, 79.3668
1978, 79.3668
1979, 79.3668
1980, 79.3668
1981, 79.3668
1982, 79.3668
1983, 79.3668
1984, 79.3668
1985, 79.3668
1986, 79.3668
1987, 79.3668
1988, 79.3668
1989, 79.3668
1990, 79.3668
1991, 79.3668
1992, 79.3668
1993, 79.3668
1994, 79.3668
1995, 79.3668
1996, 79.3668
1997, 79.3668
1998, 79.3668
1999, 79.3668
2000, 96.792
2001, 96.792
2002, 96.792
2003, 96.792
2004, 96.792
2005, 96.792
2006, 96.792
2007, 96.792
2008, 96.792
2009, 96.792
2010, 96.792
2011, 96.792
2012, 96.792
2013, 96.792
2014, 96.792
2015, 96.792
2016, 96.792
2017, 96.792
2018, 96.792
2019, 96.792
2020, 96.792
2021, 96.792
2022, 96.792
2023, 96.792
2024, 96.792
2025, 96.792
2026, 96.792
2027, 96.792
2028, 96.792
2029, 96.792
2030, 96.792
2031, 96.792
2032, 96.792
2033, 96.792
2034, 96.792
2035, 96.792
2036, 96.792
2037, 96.792
2038, 96.792
2039, 96.792
2040, 96.792
2041, 96.792
2042, 96.792
2043, 96.792
2044, 96.792
2045, 96.792
2046, 96.792
2047, 96.792
2048, 96.792
2049, 96.792
2050, 96.792
2051, 96.792
2052, 96.792
2053, 96.792
2054, 96.792
2055, 96.792
2056, 96.792
2057, 96.792
2058, 96.792
2059, 96.792
2060, 96.792
2061, 96.792
2062, 96.792
2063, 96.792
2064, 96.792
2065, 96.792
2066, 96.792
2067, 96.792
2068, 96.792
2069, 96.792
2070, 96.792
2071, 96.792
2072, 96.792
2073, 96.792
2074, 96.792
2075, 96.792
2076, 96.792
2077, 96.792
2078, 96.792
2079, 96.792
2080, 96.792
2081, 96.792
2082, 96.792
2083, 96.792
2084, 96.792
2085, 96.792
2086, 96.792
2087, 96.792
2088, 96.792
2089, 96.792
2090, 96.792
2091, 96.792
2092, 96.792
2093, 96.792
2094, 96.792
2095, 96.792
2096, 96.792
2097, 96.792
2098, 96.792
2099, 96.792
2100, 98.9358
2101, 98.9358
2102, 98.9358
2103, 98.9358
2104, 98.9358
2105, 98.9358
2106, 98.9358
2107, 98.9358
2108, 98.9358
2109, 98.9358
